2019-04-25 20:37:13,316 - INFO - allennlp.common.from_params - instantiating class <class 'allennlp.data.dataset_readers.dataset_reader.DatasetReader'> from params {'token_indexers': {'tokens': {'type': 'elmo_characters'}}, 'type': 'sst_tokens'} and extras {}
2019-04-25 20:37:13,317 - INFO - allennlp.common.params - dataset_reader.type = sst_tokens
2019-04-25 20:37:13,317 - INFO - allennlp.common.from_params - instantiating class <class 'allennlp.data.dataset_readers.stanford_sentiment_tree_bank.StanfordSentimentTreeBankDatasetReader'> from params {'token_indexers': {'tokens': {'type': 'elmo_characters'}}} and extras {}
2019-04-25 20:37:13,317 - INFO - allennlp.common.from_params - instantiating class allennlp.data.token_indexers.token_indexer.TokenIndexer from params {'type': 'elmo_characters'} and extras {}
2019-04-25 20:37:13,317 - INFO - allennlp.common.params - dataset_reader.token_indexers.tokens.type = elmo_characters
2019-04-25 20:37:13,317 - INFO - allennlp.common.from_params - instantiating class allennlp.data.token_indexers.elmo_indexer.ELMoTokenCharactersIndexer from params {} and extras {}
2019-04-25 20:37:13,317 - INFO - allennlp.common.params - dataset_reader.token_indexers.tokens.namespace = elmo_characters
2019-04-25 20:37:13,317 - INFO - allennlp.common.params - dataset_reader.use_subtrees = False
2019-04-25 20:37:13,317 - INFO - allennlp.common.params - dataset_reader.granularity = 5-class
2019-04-25 20:37:13,317 - INFO - allennlp.common.params - dataset_reader.lazy = False
2019-04-25 20:37:13,317 - INFO - allennlp.common.params - validation_dataset_reader = None
2019-04-25 20:37:13,318 - INFO - allennlp.common.params - train_data_path = ./trees/train.txt
2019-04-25 20:37:13,318 - INFO - allennlp.commands.train - Reading training data from ./trees/train.txt
2019-04-25 20:37:13,318 - INFO - allennlp.data.dataset_readers.stanford_sentiment_tree_bank - Reading instances from lines in file at: ./trees/train.txt
2019-04-25 20:37:14,696 - INFO - allennlp.common.params - validation_data_path = ./trees/dev.txt
2019-04-25 20:37:14,696 - INFO - allennlp.commands.train - Reading validation data from ./trees/dev.txt
2019-04-25 20:37:14,696 - INFO - allennlp.data.dataset_readers.stanford_sentiment_tree_bank - Reading instances from lines in file at: ./trees/dev.txt
2019-04-25 20:37:14,848 - INFO - allennlp.common.params - test_data_path = None
2019-04-25 20:37:14,848 - INFO - allennlp.commands.train - From dataset instances, train, validation will be considered for vocabulary creation.
2019-04-25 20:37:14,848 - INFO - allennlp.common.params - vocabulary.type = None
2019-04-25 20:37:14,848 - INFO - allennlp.common.params - vocabulary.extend = False
2019-04-25 20:37:14,848 - INFO - allennlp.common.params - vocabulary.directory_path = None
2019-04-25 20:37:14,848 - INFO - allennlp.common.params - vocabulary.max_vocab_size = None
2019-04-25 20:37:14,848 - INFO - allennlp.common.params - vocabulary.non_padded_namespaces = ('*tags', '*labels')
2019-04-25 20:37:14,848 - INFO - allennlp.common.params - vocabulary.min_pretrained_embeddings = None
2019-04-25 20:37:14,848 - INFO - allennlp.common.params - vocabulary.only_include_pretrained_words = False
2019-04-25 20:37:14,848 - INFO - allennlp.common.params - vocabulary.tokens_to_add = None
2019-04-25 20:37:14,848 - INFO - allennlp.data.vocabulary - Fitting token dictionary from dataset.
2019-04-25 20:37:14,886 - INFO - allennlp.common.from_params - instantiating class <class 'allennlp.models.model.Model'> from params {'encoder': {'hidden_size': 128, 'input_size': 256, 'type': 'lstm'}, 'type': 'lstm_clf', 'word_embeddings': {'tokens': {'do_layer_norm': False, 'dropout': 0.5, 'options_file': 'https://s3-us-west-2.amazonaws.com/allennlp/models/elmo/2x1024_128_2048cnn_1xhighway/elmo_2x1024_128_2048cnn_1xhighway_options.json', 'type': 'elmo_token_embedder', 'weight_file': 'https://s3-us-west-2.amazonaws.com/allennlp/models/elmo/2x1024_128_2048cnn_1xhighway/elmo_2x1024_128_2048cnn_1xhighway_weights.hdf5'}}} and extras {'vocab': <allennlp.data.vocabulary.Vocabulary object at 0x7f27334baa90>}
2019-04-25 20:37:14,886 - INFO - allennlp.common.params - model.type = lstm_clf
2019-04-25 20:37:14,886 - INFO - allennlp.common.from_params - instantiating class <class 'model.lstm_model.lstm_clf.LstmClassifier'> from params {'encoder': {'hidden_size': 128, 'input_size': 256, 'type': 'lstm'}, 'word_embeddings': {'tokens': {'do_layer_norm': False, 'dropout': 0.5, 'options_file': 'https://s3-us-west-2.amazonaws.com/allennlp/models/elmo/2x1024_128_2048cnn_1xhighway/elmo_2x1024_128_2048cnn_1xhighway_options.json', 'type': 'elmo_token_embedder', 'weight_file': 'https://s3-us-west-2.amazonaws.com/allennlp/models/elmo/2x1024_128_2048cnn_1xhighway/elmo_2x1024_128_2048cnn_1xhighway_weights.hdf5'}}} and extras {'vocab': <allennlp.data.vocabulary.Vocabulary object at 0x7f27334baa90>}
2019-04-25 20:37:14,886 - INFO - allennlp.common.from_params - instantiating class <class 'allennlp.modules.text_field_embedders.text_field_embedder.TextFieldEmbedder'> from params {'tokens': {'do_layer_norm': False, 'dropout': 0.5, 'options_file': 'https://s3-us-west-2.amazonaws.com/allennlp/models/elmo/2x1024_128_2048cnn_1xhighway/elmo_2x1024_128_2048cnn_1xhighway_options.json', 'type': 'elmo_token_embedder', 'weight_file': 'https://s3-us-west-2.amazonaws.com/allennlp/models/elmo/2x1024_128_2048cnn_1xhighway/elmo_2x1024_128_2048cnn_1xhighway_weights.hdf5'}} and extras {'vocab': <allennlp.data.vocabulary.Vocabulary object at 0x7f27334baa90>}
2019-04-25 20:37:14,886 - INFO - allennlp.common.params - model.word_embeddings.type = basic
2019-04-25 20:37:14,886 - INFO - allennlp.common.params - model.word_embeddings.embedder_to_indexer_map = None
2019-04-25 20:37:14,886 - INFO - allennlp.common.params - model.word_embeddings.allow_unmatched_keys = False
2019-04-25 20:37:14,886 - INFO - allennlp.common.params - model.word_embeddings.token_embedders = None
2019-04-25 20:37:14,887 - INFO - allennlp.common.from_params - instantiating class <class 'allennlp.modules.token_embedders.token_embedder.TokenEmbedder'> from params {'do_layer_norm': False, 'dropout': 0.5, 'options_file': 'https://s3-us-west-2.amazonaws.com/allennlp/models/elmo/2x1024_128_2048cnn_1xhighway/elmo_2x1024_128_2048cnn_1xhighway_options.json', 'type': 'elmo_token_embedder', 'weight_file': 'https://s3-us-west-2.amazonaws.com/allennlp/models/elmo/2x1024_128_2048cnn_1xhighway/elmo_2x1024_128_2048cnn_1xhighway_weights.hdf5'} and extras {'vocab': <allennlp.data.vocabulary.Vocabulary object at 0x7f27334baa90>}
2019-04-25 20:37:14,887 - INFO - allennlp.common.params - model.word_embeddings.tokens.type = elmo_token_embedder
2019-04-25 20:37:17,052 - INFO - allennlp.common.params - model.word_embeddings.tokens.options_file = https://s3-us-west-2.amazonaws.com/allennlp/models/elmo/2x1024_128_2048cnn_1xhighway/elmo_2x1024_128_2048cnn_1xhighway_options.json
2019-04-25 20:37:17,053 - INFO - allennlp.common.params - model.word_embeddings.tokens.weight_file = https://s3-us-west-2.amazonaws.com/allennlp/models/elmo/2x1024_128_2048cnn_1xhighway/elmo_2x1024_128_2048cnn_1xhighway_weights.hdf5
2019-04-25 20:37:17,053 - INFO - allennlp.common.params - model.word_embeddings.tokens.requires_grad = False
2019-04-25 20:37:17,054 - INFO - allennlp.common.params - model.word_embeddings.tokens.do_layer_norm = False
2019-04-25 20:37:17,054 - INFO - allennlp.common.params - model.word_embeddings.tokens.dropout = 0.5
2019-04-25 20:37:17,054 - INFO - allennlp.common.params - model.word_embeddings.tokens.namespace_to_cache = None
2019-04-25 20:37:17,054 - INFO - allennlp.common.params - model.word_embeddings.tokens.projection_dim = None
2019-04-25 20:37:17,055 - INFO - allennlp.common.params - model.word_embeddings.tokens.scalar_mix_parameters = None
2019-04-25 20:37:17,055 - INFO - root - Initializing ELMo
2019-04-25 20:37:34,513 - INFO - allennlp.common.from_params - instantiating class <class 'allennlp.modules.seq2vec_encoders.seq2vec_encoder.Seq2VecEncoder'> from params {'hidden_size': 128, 'input_size': 256, 'type': 'lstm'} and extras {'vocab': <allennlp.data.vocabulary.Vocabulary object at 0x7f27334baa90>}
2019-04-25 20:37:34,513 - INFO - allennlp.common.params - model.encoder.type = lstm
2019-04-25 20:37:34,514 - INFO - allennlp.common.params - model.encoder.batch_first = True
2019-04-25 20:37:34,514 - INFO - allennlp.common.params - Converting Params object to dict; logging of default values will not occur when dictionary parameters are used subsequently.
2019-04-25 20:37:34,514 - INFO - allennlp.common.params - CURRENTLY DEFINED PARAMETERS: 
2019-04-25 20:37:34,514 - INFO - allennlp.common.params - model.encoder.hidden_size = 128
2019-04-25 20:37:34,514 - INFO - allennlp.common.params - model.encoder.input_size = 256
2019-04-25 20:37:34,514 - INFO - allennlp.common.params - model.encoder.batch_first = True
2019-04-25 20:37:34,515 - INFO - allennlp.common.params - model.positive_label = 4
2019-04-25 20:37:34,516 - INFO - allennlp.common.from_params - instantiating class <class 'allennlp.data.iterators.data_iterator.DataIterator'> from params {'batch_size': 32, 'sorting_keys': [['tokens', 'num_tokens']], 'type': 'bucket'} and extras {}
2019-04-25 20:37:34,516 - INFO - allennlp.common.params - iterator.type = bucket
2019-04-25 20:37:34,516 - INFO - allennlp.common.from_params - instantiating class <class 'allennlp.data.iterators.bucket_iterator.BucketIterator'> from params {'batch_size': 32, 'sorting_keys': [['tokens', 'num_tokens']]} and extras {}
2019-04-25 20:37:34,516 - INFO - allennlp.common.params - iterator.sorting_keys = [['tokens', 'num_tokens']]
2019-04-25 20:37:34,517 - INFO - allennlp.common.params - iterator.padding_noise = 0.1
2019-04-25 20:37:34,517 - INFO - allennlp.common.params - iterator.biggest_batch_first = False
2019-04-25 20:37:34,517 - INFO - allennlp.common.params - iterator.batch_size = 32
2019-04-25 20:37:34,517 - INFO - allennlp.common.params - iterator.instances_per_epoch = None
2019-04-25 20:37:34,517 - INFO - allennlp.common.params - iterator.max_instances_in_memory = None
2019-04-25 20:37:34,517 - INFO - allennlp.common.params - iterator.cache_instances = False
2019-04-25 20:37:34,517 - INFO - allennlp.common.params - iterator.track_epoch = False
2019-04-25 20:37:34,517 - INFO - allennlp.common.params - iterator.maximum_samples_per_batch = None
2019-04-25 20:37:34,517 - INFO - allennlp.common.params - validation_iterator = None
2019-04-25 20:37:34,517 - INFO - allennlp.common.params - trainer.no_grad = ()
2019-04-25 20:37:34,518 - INFO - allennlp.commands.train - Following parameters are Frozen  (without gradient):
2019-04-25 20:37:34,518 - INFO - allennlp.commands.train - word_embeddings.token_embedder_tokens._elmo._elmo_lstm._token_embedder._char_embedding_weights
2019-04-25 20:37:34,518 - INFO - allennlp.commands.train - word_embeddings.token_embedder_tokens._elmo._elmo_lstm._token_embedder.char_conv_0.weight
2019-04-25 20:37:34,518 - INFO - allennlp.commands.train - word_embeddings.token_embedder_tokens._elmo._elmo_lstm._token_embedder.char_conv_0.bias
2019-04-25 20:37:34,518 - INFO - allennlp.commands.train - word_embeddings.token_embedder_tokens._elmo._elmo_lstm._token_embedder.char_conv_1.weight
2019-04-25 20:37:34,518 - INFO - allennlp.commands.train - word_embeddings.token_embedder_tokens._elmo._elmo_lstm._token_embedder.char_conv_1.bias
2019-04-25 20:37:34,518 - INFO - allennlp.commands.train - word_embeddings.token_embedder_tokens._elmo._elmo_lstm._token_embedder.char_conv_2.weight
2019-04-25 20:37:34,518 - INFO - allennlp.commands.train - word_embeddings.token_embedder_tokens._elmo._elmo_lstm._token_embedder.char_conv_2.bias
2019-04-25 20:37:34,518 - INFO - allennlp.commands.train - word_embeddings.token_embedder_tokens._elmo._elmo_lstm._token_embedder.char_conv_3.weight
2019-04-25 20:37:34,518 - INFO - allennlp.commands.train - word_embeddings.token_embedder_tokens._elmo._elmo_lstm._token_embedder.char_conv_3.bias
2019-04-25 20:37:34,518 - INFO - allennlp.commands.train - word_embeddings.token_embedder_tokens._elmo._elmo_lstm._token_embedder.char_conv_4.weight
2019-04-25 20:37:34,518 - INFO - allennlp.commands.train - word_embeddings.token_embedder_tokens._elmo._elmo_lstm._token_embedder.char_conv_4.bias
2019-04-25 20:37:34,518 - INFO - allennlp.commands.train - word_embeddings.token_embedder_tokens._elmo._elmo_lstm._token_embedder.char_conv_5.weight
2019-04-25 20:37:34,518 - INFO - allennlp.commands.train - word_embeddings.token_embedder_tokens._elmo._elmo_lstm._token_embedder.char_conv_5.bias
2019-04-25 20:37:34,518 - INFO - allennlp.commands.train - word_embeddings.token_embedder_tokens._elmo._elmo_lstm._token_embedder.char_conv_6.weight
2019-04-25 20:37:34,518 - INFO - allennlp.commands.train - word_embeddings.token_embedder_tokens._elmo._elmo_lstm._token_embedder.char_conv_6.bias
2019-04-25 20:37:34,518 - INFO - allennlp.commands.train - word_embeddings.token_embedder_tokens._elmo._elmo_lstm._token_embedder._highways._layers.0.weight
2019-04-25 20:37:34,518 - INFO - allennlp.commands.train - word_embeddings.token_embedder_tokens._elmo._elmo_lstm._token_embedder._highways._layers.0.bias
2019-04-25 20:37:34,518 - INFO - allennlp.commands.train - word_embeddings.token_embedder_tokens._elmo._elmo_lstm._token_embedder._projection.weight
2019-04-25 20:37:34,519 - INFO - allennlp.commands.train - word_embeddings.token_embedder_tokens._elmo._elmo_lstm._token_embedder._projection.bias
2019-04-25 20:37:34,519 - INFO - allennlp.commands.train - word_embeddings.token_embedder_tokens._elmo._elmo_lstm._elmo_lstm.forward_layer_0.input_linearity.weight
2019-04-25 20:37:34,519 - INFO - allennlp.commands.train - word_embeddings.token_embedder_tokens._elmo._elmo_lstm._elmo_lstm.forward_layer_0.state_linearity.weight
2019-04-25 20:37:34,519 - INFO - allennlp.commands.train - word_embeddings.token_embedder_tokens._elmo._elmo_lstm._elmo_lstm.forward_layer_0.state_linearity.bias
2019-04-25 20:37:34,519 - INFO - allennlp.commands.train - word_embeddings.token_embedder_tokens._elmo._elmo_lstm._elmo_lstm.forward_layer_0.state_projection.weight
2019-04-25 20:37:34,519 - INFO - allennlp.commands.train - word_embeddings.token_embedder_tokens._elmo._elmo_lstm._elmo_lstm.backward_layer_0.input_linearity.weight
2019-04-25 20:37:34,519 - INFO - allennlp.commands.train - word_embeddings.token_embedder_tokens._elmo._elmo_lstm._elmo_lstm.backward_layer_0.state_linearity.weight
2019-04-25 20:37:34,519 - INFO - allennlp.commands.train - word_embeddings.token_embedder_tokens._elmo._elmo_lstm._elmo_lstm.backward_layer_0.state_linearity.bias
2019-04-25 20:37:34,519 - INFO - allennlp.commands.train - word_embeddings.token_embedder_tokens._elmo._elmo_lstm._elmo_lstm.backward_layer_0.state_projection.weight
2019-04-25 20:37:34,519 - INFO - allennlp.commands.train - word_embeddings.token_embedder_tokens._elmo._elmo_lstm._elmo_lstm.forward_layer_1.input_linearity.weight
2019-04-25 20:37:34,519 - INFO - allennlp.commands.train - word_embeddings.token_embedder_tokens._elmo._elmo_lstm._elmo_lstm.forward_layer_1.state_linearity.weight
2019-04-25 20:37:34,519 - INFO - allennlp.commands.train - word_embeddings.token_embedder_tokens._elmo._elmo_lstm._elmo_lstm.forward_layer_1.state_linearity.bias
2019-04-25 20:37:34,519 - INFO - allennlp.commands.train - word_embeddings.token_embedder_tokens._elmo._elmo_lstm._elmo_lstm.forward_layer_1.state_projection.weight
2019-04-25 20:37:34,519 - INFO - allennlp.commands.train - word_embeddings.token_embedder_tokens._elmo._elmo_lstm._elmo_lstm.backward_layer_1.input_linearity.weight
2019-04-25 20:37:34,519 - INFO - allennlp.commands.train - word_embeddings.token_embedder_tokens._elmo._elmo_lstm._elmo_lstm.backward_layer_1.state_linearity.weight
2019-04-25 20:37:34,519 - INFO - allennlp.commands.train - word_embeddings.token_embedder_tokens._elmo._elmo_lstm._elmo_lstm.backward_layer_1.state_linearity.bias
2019-04-25 20:37:34,519 - INFO - allennlp.commands.train - word_embeddings.token_embedder_tokens._elmo._elmo_lstm._elmo_lstm.backward_layer_1.state_projection.weight
2019-04-25 20:37:34,519 - INFO - allennlp.commands.train - Following parameters are Tunable (with gradient):
2019-04-25 20:37:34,519 - INFO - allennlp.commands.train - word_embeddings.token_embedder_tokens._elmo.scalar_mix_0.gamma
2019-04-25 20:37:34,519 - INFO - allennlp.commands.train - word_embeddings.token_embedder_tokens._elmo.scalar_mix_0.scalar_parameters.0
2019-04-25 20:37:34,520 - INFO - allennlp.commands.train - word_embeddings.token_embedder_tokens._elmo.scalar_mix_0.scalar_parameters.1
2019-04-25 20:37:34,520 - INFO - allennlp.commands.train - word_embeddings.token_embedder_tokens._elmo.scalar_mix_0.scalar_parameters.2
2019-04-25 20:37:34,520 - INFO - allennlp.commands.train - encoder._module.weight_ih_l0
2019-04-25 20:37:34,520 - INFO - allennlp.commands.train - encoder._module.weight_hh_l0
2019-04-25 20:37:34,520 - INFO - allennlp.commands.train - encoder._module.bias_ih_l0
2019-04-25 20:37:34,520 - INFO - allennlp.commands.train - encoder._module.bias_hh_l0
2019-04-25 20:37:34,520 - INFO - allennlp.commands.train - linear.weight
2019-04-25 20:37:34,520 - INFO - allennlp.commands.train - linear.bias
2019-04-25 20:37:34,520 - INFO - allennlp.common.params - trainer.type = default
2019-04-25 20:37:34,520 - INFO - allennlp.common.registrable - instantiating registered subclass default of <class 'allennlp.training.trainer.Trainer'>
2019-04-25 20:37:34,520 - INFO - allennlp.common.params - trainer.patience = 5
2019-04-25 20:37:34,520 - INFO - allennlp.common.params - trainer.validation_metric = -loss
2019-04-25 20:37:34,520 - INFO - allennlp.common.params - trainer.shuffle = True
2019-04-25 20:37:34,520 - INFO - allennlp.common.params - trainer.num_epochs = 20
2019-04-25 20:37:34,520 - INFO - allennlp.common.params - trainer.cuda_device = -1
2019-04-25 20:37:34,520 - INFO - allennlp.common.params - trainer.grad_norm = None
2019-04-25 20:37:34,520 - INFO - allennlp.common.params - trainer.grad_clipping = None
2019-04-25 20:37:34,520 - INFO - allennlp.common.params - trainer.learning_rate_scheduler = None
2019-04-25 20:37:34,521 - INFO - allennlp.common.params - trainer.optimizer = adam
2019-04-25 20:37:34,521 - INFO - allennlp.common.params - parameter_groups = None
2019-04-25 20:37:34,521 - INFO - allennlp.training.optimizers - Number of trainable parameters: 198281
2019-04-25 20:37:34,521 - INFO - allennlp.common.registrable - instantiating registered subclass adam of <class 'allennlp.training.optimizers.Optimizer'>
2019-04-25 20:37:34,521 - INFO - allennlp.common.params - Converting Params object to dict; logging of default values will not occur when dictionary parameters are used subsequently.
2019-04-25 20:37:34,521 - INFO - allennlp.common.params - CURRENTLY DEFINED PARAMETERS: 
2019-04-25 20:37:34,521 - INFO - allennlp.common.params - trainer.num_serialized_models_to_keep = 20
2019-04-25 20:37:34,521 - INFO - allennlp.common.params - trainer.keep_serialized_model_every_num_seconds = None
2019-04-25 20:37:34,521 - INFO - allennlp.common.params - trainer.model_save_interval = None
2019-04-25 20:37:34,521 - INFO - allennlp.common.params - trainer.summary_interval = 100
2019-04-25 20:37:34,521 - INFO - allennlp.common.params - trainer.histogram_interval = None
2019-04-25 20:37:34,521 - INFO - allennlp.common.params - trainer.should_log_parameter_statistics = True
2019-04-25 20:37:34,521 - INFO - allennlp.common.params - trainer.should_log_learning_rate = False
2019-04-25 20:37:34,523 - INFO - allennlp.common.params - evaluate_on_test = False
2019-04-25 20:37:34,523 - INFO - allennlp.training.trainer - Beginning training.
2019-04-25 20:37:34,523 - INFO - allennlp.training.trainer - Epoch 0/19
2019-04-25 20:37:34,523 - INFO - allennlp.training.trainer - Peak CPU memory usage MB: 353.508
2019-04-25 20:37:34,536 - INFO - allennlp.training.trainer - Training
2019-04-25 20:40:39,817 - INFO - allennlp.training.trainer - Validating
2019-04-25 20:41:01,678 - INFO - allennlp.training.trainer -                Training |  Validation
2019-04-25 20:41:01,679 - INFO - allennlp.training.trainer - f1_measure |     0.007  |     0.000
2019-04-25 20:41:01,679 - INFO - allennlp.training.trainer - recall     |     0.004  |     0.000
2019-04-25 20:41:01,679 - INFO - allennlp.training.trainer - accuracy   |     0.336  |     0.361
2019-04-25 20:41:01,679 - INFO - allennlp.training.trainer - loss       |     1.473  |     1.454
2019-04-25 20:41:01,679 - INFO - allennlp.training.trainer - precision  |     0.286  |     0.000
2019-04-25 20:41:01,708 - INFO - allennlp.training.trainer - Best validation performance so far. Copying weights to './output/elmo//best.th'.
2019-04-25 20:41:01,751 - INFO - allennlp.training.trainer - Epoch duration: 00:03:27
2019-04-25 20:41:01,751 - INFO - allennlp.training.trainer - Estimated training time remaining: 1:05:37
2019-04-25 20:41:01,751 - INFO - allennlp.training.trainer - Epoch 1/19
2019-04-25 20:41:01,752 - INFO - allennlp.training.trainer - Peak CPU memory usage MB: 1069.12
2019-04-25 20:41:01,780 - INFO - allennlp.training.trainer - Training
2019-04-25 20:44:12,306 - INFO - allennlp.training.trainer - Validating
2019-04-25 20:44:40,520 - INFO - allennlp.training.trainer -                Training |  Validation
2019-04-25 20:44:40,520 - INFO - allennlp.training.trainer - f1_measure |     0.076  |     0.000
2019-04-25 20:44:40,521 - INFO - allennlp.training.trainer - recall     |     0.042  |     0.000
2019-04-25 20:44:40,521 - INFO - allennlp.training.trainer - accuracy   |     0.394  |     0.412
2019-04-25 20:44:40,521 - INFO - allennlp.training.trainer - loss       |     1.388  |     1.320
2019-04-25 20:44:40,521 - INFO - allennlp.training.trainer - precision  |     0.387  |     0.000
2019-04-25 20:44:40,550 - INFO - allennlp.training.trainer - Best validation performance so far. Copying weights to './output/elmo//best.th'.
2019-04-25 20:44:40,613 - INFO - allennlp.training.trainer - Epoch duration: 00:03:38
2019-04-25 20:44:40,613 - INFO - allennlp.training.trainer - Estimated training time remaining: 1:03:54
2019-04-25 20:44:40,613 - INFO - allennlp.training.trainer - Epoch 2/19
2019-04-25 20:44:40,613 - INFO - allennlp.training.trainer - Peak CPU memory usage MB: 1150.792
2019-04-25 20:44:40,649 - INFO - allennlp.training.trainer - Training
2019-04-25 20:48:04,211 - INFO - allennlp.training.trainer - Validating
2019-04-25 20:48:40,001 - INFO - allennlp.training.trainer -                Training |  Validation
2019-04-25 20:48:40,002 - INFO - allennlp.training.trainer - f1_measure |     0.144  |     0.327
2019-04-25 20:48:40,002 - INFO - allennlp.training.trainer - recall     |     0.086  |     0.317
2019-04-25 20:48:40,003 - INFO - allennlp.training.trainer - accuracy   |     0.415  |     0.420
2019-04-25 20:48:40,003 - INFO - allennlp.training.trainer - loss       |     1.345  |     1.323
2019-04-25 20:48:40,003 - INFO - allennlp.training.trainer - precision  |     0.439  |     0.338
2019-04-25 20:48:40,045 - INFO - allennlp.training.trainer - Epoch duration: 00:03:59
2019-04-25 20:48:40,045 - INFO - allennlp.training.trainer - Estimated training time remaining: 1:02:51
2019-04-25 20:48:40,045 - INFO - allennlp.training.trainer - Epoch 3/19
2019-04-25 20:48:40,045 - INFO - allennlp.training.trainer - Peak CPU memory usage MB: 1150.792
2019-04-25 20:48:40,100 - INFO - allennlp.training.trainer - Training
2019-04-25 20:53:07,836 - INFO - allennlp.training.trainer - Validating
2019-04-25 20:53:39,664 - INFO - allennlp.training.trainer -                Training |  Validation
2019-04-25 20:53:39,665 - INFO - allennlp.training.trainer - f1_measure |     0.261  |     0.124
2019-04-25 20:53:39,666 - INFO - allennlp.training.trainer - recall     |     0.182  |     0.079
2019-04-25 20:53:39,666 - INFO - allennlp.training.trainer - accuracy   |     0.427  |     0.419
2019-04-25 20:53:39,666 - INFO - allennlp.training.trainer - loss       |     1.315  |     1.298
2019-04-25 20:53:39,666 - INFO - allennlp.training.trainer - precision  |     0.462  |     0.282
2019-04-25 20:53:39,701 - INFO - allennlp.training.trainer - Best validation performance so far. Copying weights to './output/elmo//best.th'.
2019-04-25 20:53:39,769 - INFO - allennlp.training.trainer - Epoch duration: 00:04:59
2019-04-25 20:53:39,769 - INFO - allennlp.training.trainer - Estimated training time remaining: 1:04:20
2019-04-25 20:53:39,769 - INFO - allennlp.training.trainer - Epoch 4/19
2019-04-25 20:53:39,769 - INFO - allennlp.training.trainer - Peak CPU memory usage MB: 1150.792
2019-04-25 20:53:39,805 - INFO - allennlp.training.trainer - Training
2019-04-25 20:58:17,218 - INFO - allennlp.training.trainer - Validating
2019-04-25 20:58:58,499 - INFO - allennlp.training.trainer -                Training |  Validation
2019-04-25 20:58:58,500 - INFO - allennlp.training.trainer - f1_measure |     0.271  |     0.091
2019-04-25 20:58:58,500 - INFO - allennlp.training.trainer - recall     |     0.203  |     0.050
2019-04-25 20:58:58,500 - INFO - allennlp.training.trainer - accuracy   |     0.442  |     0.438
2019-04-25 20:58:58,501 - INFO - allennlp.training.trainer - loss       |     1.279  |     1.300
2019-04-25 20:58:58,501 - INFO - allennlp.training.trainer - precision  |     0.408  |     0.467
2019-04-25 20:58:58,544 - INFO - allennlp.training.trainer - Epoch duration: 00:05:18
2019-04-25 20:58:58,544 - INFO - allennlp.training.trainer - Estimated training time remaining: 1:04:12
2019-04-25 20:58:58,544 - INFO - allennlp.training.trainer - Epoch 5/19
2019-04-25 20:58:58,544 - INFO - allennlp.training.trainer - Peak CPU memory usage MB: 1150.792
2019-04-25 20:58:58,587 - INFO - allennlp.training.trainer - Training
2019-04-25 21:03:35,995 - INFO - allennlp.training.trainer - Validating
2019-04-25 21:04:10,898 - INFO - allennlp.training.trainer -                Training |  Validation
2019-04-25 21:04:10,898 - INFO - allennlp.training.trainer - f1_measure |     0.309  |     0.213
2019-04-25 21:04:10,898 - INFO - allennlp.training.trainer - recall     |     0.228  |     0.158
2019-04-25 21:04:10,899 - INFO - allennlp.training.trainer - accuracy   |     0.460  |     0.437
2019-04-25 21:04:10,899 - INFO - allennlp.training.trainer - loss       |     1.241  |     1.277
2019-04-25 21:04:10,899 - INFO - allennlp.training.trainer - precision  |     0.480  |     0.324
2019-04-25 21:04:10,938 - INFO - allennlp.training.trainer - Best validation performance so far. Copying weights to './output/elmo//best.th'.
2019-04-25 21:04:11,004 - INFO - allennlp.training.trainer - Epoch duration: 00:05:12
2019-04-25 21:04:11,005 - INFO - allennlp.training.trainer - Estimated training time remaining: 1:02:05
2019-04-25 21:04:11,005 - INFO - allennlp.training.trainer - Epoch 6/19
2019-04-25 21:04:11,005 - INFO - allennlp.training.trainer - Peak CPU memory usage MB: 1150.792
2019-04-25 21:04:11,039 - INFO - allennlp.training.trainer - Training
2019-04-25 21:08:35,097 - INFO - allennlp.training.trainer - Validating
2019-04-25 21:09:09,501 - INFO - allennlp.training.trainer -                Training |  Validation
2019-04-25 21:09:09,502 - INFO - allennlp.training.trainer - f1_measure |     0.363  |     0.305
2019-04-25 21:09:09,502 - INFO - allennlp.training.trainer - recall     |     0.285  |     0.259
2019-04-25 21:09:09,502 - INFO - allennlp.training.trainer - accuracy   |     0.480  |     0.419
2019-04-25 21:09:09,502 - INFO - allennlp.training.trainer - loss       |     1.212  |     1.364
2019-04-25 21:09:09,503 - INFO - allennlp.training.trainer - precision  |     0.502  |     0.371
2019-04-25 21:09:09,538 - INFO - allennlp.training.trainer - Epoch duration: 00:04:58
2019-04-25 21:09:09,538 - INFO - allennlp.training.trainer - Estimated training time remaining: 0:58:39
2019-04-25 21:09:09,538 - INFO - allennlp.training.trainer - Epoch 7/19
2019-04-25 21:09:09,539 - INFO - allennlp.training.trainer - Peak CPU memory usage MB: 1150.912
2019-04-25 21:09:09,575 - INFO - allennlp.training.trainer - Training
2019-04-25 21:13:18,920 - INFO - allennlp.training.trainer - Validating
2019-04-25 21:13:49,063 - INFO - allennlp.training.trainer -                Training |  Validation
2019-04-25 21:13:49,063 - INFO - allennlp.training.trainer - f1_measure |     0.389  |     0.328
2019-04-25 21:13:49,064 - INFO - allennlp.training.trainer - recall     |     0.310  |     0.338
2019-04-25 21:13:49,064 - INFO - allennlp.training.trainer - accuracy   |     0.492  |     0.427
2019-04-25 21:13:49,064 - INFO - allennlp.training.trainer - loss       |     1.181  |     1.324
2019-04-25 21:13:49,064 - INFO - allennlp.training.trainer - precision  |     0.522  |     0.318
2019-04-25 21:13:49,100 - INFO - allennlp.training.trainer - Epoch duration: 00:04:39
2019-04-25 21:13:49,101 - INFO - allennlp.training.trainer - Estimated training time remaining: 0:54:21
2019-04-25 21:13:49,101 - INFO - allennlp.training.trainer - Epoch 8/19
2019-04-25 21:13:49,101 - INFO - allennlp.training.trainer - Peak CPU memory usage MB: 1150.912
2019-04-25 21:13:49,136 - INFO - allennlp.training.trainer - Training
2019-04-25 21:17:55,655 - INFO - allennlp.training.trainer - Validating
2019-04-25 21:18:26,537 - INFO - allennlp.training.trainer -                Training |  Validation
2019-04-25 21:18:26,538 - INFO - allennlp.training.trainer - f1_measure |     0.429  |     0.362
2019-04-25 21:18:26,538 - INFO - allennlp.training.trainer - recall     |     0.355  |     0.388
2019-04-25 21:18:26,538 - INFO - allennlp.training.trainer - accuracy   |     0.514  |     0.442
2019-04-25 21:18:26,539 - INFO - allennlp.training.trainer - loss       |     1.140  |     1.324
2019-04-25 21:18:26,539 - INFO - allennlp.training.trainer - precision  |     0.540  |     0.340
2019-04-25 21:18:26,571 - INFO - allennlp.training.trainer - Epoch duration: 00:04:37
2019-04-25 21:18:26,572 - INFO - allennlp.training.trainer - Estimated training time remaining: 0:49:56
2019-04-25 21:18:26,572 - INFO - allennlp.training.trainer - Epoch 9/19
2019-04-25 21:18:26,572 - INFO - allennlp.training.trainer - Peak CPU memory usage MB: 1150.912
2019-04-25 21:18:26,605 - INFO - allennlp.training.trainer - Training
2019-04-25 21:22:31,745 - INFO - allennlp.training.trainer - Validating
2019-04-25 21:23:02,735 - INFO - allennlp.training.trainer -                Training |  Validation
2019-04-25 21:23:02,736 - INFO - allennlp.training.trainer - f1_measure |     0.438  |     0.327
2019-04-25 21:23:02,736 - INFO - allennlp.training.trainer - recall     |     0.364  |     0.302
2019-04-25 21:23:02,736 - INFO - allennlp.training.trainer - accuracy   |     0.518  |     0.432
2019-04-25 21:23:02,736 - INFO - allennlp.training.trainer - loss       |     1.129  |     1.397
2019-04-25 21:23:02,737 - INFO - allennlp.training.trainer - precision  |     0.548  |     0.356
2019-04-25 21:23:02,773 - INFO - allennlp.training.trainer - Epoch duration: 00:04:36
2019-04-25 21:23:02,773 - INFO - allennlp.training.trainer - Estimated training time remaining: 0:45:28
2019-04-25 21:23:02,773 - INFO - allennlp.training.trainer - Epoch 10/19
2019-04-25 21:23:02,773 - INFO - allennlp.training.trainer - Peak CPU memory usage MB: 1150.912
2019-04-25 21:23:02,804 - INFO - allennlp.training.trainer - Training
2019-04-25 21:27:10,378 - INFO - allennlp.training.trainer - Validating
2019-04-25 21:27:41,764 - INFO - allennlp.training.trainer - Ran out of patience.  Stopping training.
2019-04-25 21:27:41,765 - INFO - allennlp.models.archival - archiving weights and vocabulary to ./output/elmo/model.tar.gz
2019-04-25 21:27:46,991 - INFO - allennlp.commands.train - Loading the best epoch weights.
2019-04-25 21:27:47,040 - INFO - allennlp.common.util - Metrics: {
  "training_duration": "00:45:28",
  "training_start_epoch": 0,
  "training_epochs": 9,
  "epoch": 9,
  "training_accuracy": 0.5181413857677902,
  "training_precision": 0.5482093663911846,
  "training_recall": 0.36446886446886445,
  "training_f1_measure": 0.4378437843783899,
  "training_loss": 1.1287767391526298,
  "validation_accuracy": 0.4323342415985468,
  "validation_precision": 0.3559322033898305,
  "validation_recall": 0.302158273381295,
  "validation_f1_measure": 0.3268482490271876,
  "validation_loss": 1.397166017123631,
  "best_epoch": 5,
  "best_validation_accuracy": 0.4368755676657584,
  "best_validation_precision": 0.3235294117647059,
  "best_validation_recall": 0.15827338129496402,
  "best_validation_f1_measure": 0.21256038647338585,
  "best_validation_loss": 1.2773773874555314
}
